E:\ZYF\CODE\LANEDETECTION\LANEDETECTION\LANEDETECTION\RELEASE\VIDEOPROCESSOR.OBJ
E:\ZYF\CODE\LANEDETECTION\LANEDETECTION\LANEDETECTION\RELEASE\UTILS.OBJ
E:\ZYF\CODE\LANEDETECTION\LANEDETECTION\LANEDETECTION\RELEASE\MAIN.OBJ
E:\ZYF\CODE\LANEDETECTION\LANEDETECTION\LANEDETECTION\RELEASE\LANEDETECPROCESSOR.OBJ
E:\ZYF\CODE\LANEDETECTION\LANEDETECTION\LANEDETECTION\RELEASE\FRAMEPROCESSOR.OBJ
E:\ZYF\CODE\LANEDETECTION\LANEDETECTION\LANEDETECTION\RELEASE\CKALMANFILTER.OBJ
E:\ZYF\CODE\LANEDETECTION\LANEDETECTION\LANEDETECTION\RELEASE\VC100.PDB
E:\ZYF\CODE\LANEDETECTION\LANEDETECTION\RELEASE\LANEDETECTION.EXE
E:\ZYF\CODE\LANEDETECTION\LANEDETECTION\LANEDETECTION\RELEASE\LANEDETECTION.EXE.INTERMEDIATE.MANIFEST
E:\ZYF\CODE\LANEDETECTION\LANEDETECTION\RELEASE\LANEDETECTION.PDB
D:\workstation\Traffic\LaneDetection\LaneDetection\Release\CKalmanFilter.obj
D:\workstation\Traffic\LaneDetection\LaneDetection\Release\FrameProcessor.obj
D:\workstation\Traffic\LaneDetection\LaneDetection\Release\LaneDetecProcessor.obj
D:\workstation\Traffic\LaneDetection\LaneDetection\Release\main.obj
D:\workstation\Traffic\LaneDetection\LaneDetection\Release\utils.obj
D:\workstation\Traffic\LaneDetection\LaneDetection\Release\VideoProcessor.obj
D:\workstation\Traffic\LaneDetection\LaneDetection\Release\cl.command.1.tlog
D:\workstation\Traffic\LaneDetection\LaneDetection\Release\CL.read.1.tlog
D:\workstation\Traffic\LaneDetection\LaneDetection\Release\CL.write.1.tlog
D:\workstation\Traffic\LaneDetection\LaneDetection\Release\link.command.1.tlog
D:\workstation\Traffic\LaneDetection\LaneDetection\Release\link.read.1.tlog
D:\workstation\Traffic\LaneDetection\LaneDetection\Release\link.write.1.tlog
D:\workstation\Traffic\LaneDetection\LaneDetection\Release\mt.command.1.tlog
D:\workstation\Traffic\LaneDetection\LaneDetection\Release\mt.read.1.tlog
D:\workstation\Traffic\LaneDetection\LaneDetection\Release\mt.write.1.tlog
D:\workstation\Traffic\LaneDetection\LaneDetection\Release\LaneDetection.exe.intermediate.manifest
D:\workstation\Traffic\LaneDetection\LaneDetection\Release\vc100.pdb
D:\workstation\Traffic\LaneDetection\Release\LaneDetection.pdb
D:\workstation\Traffic\LaneDetection\Release\LaneDetection.exe
